<?xml version="1.0" encoding="UTF-8"?>
<beans xmlns="http://www.springframework.org/schema/beans"
       xmlns:xsi="http://www.w3.org/2001/XMLSchema-instance"
       xsi:schemaLocation="http://www.springframework.org/schema/beans http://www.springframework.org/schema/beans/spring-beans.xsd http://www.springframework.org/schema/aop http://www.springframework.org/schema/aop/spring-aop.xsd">

    <import resource="classpath:application-context.xml" />

    <bean id="virtualMachineManagementService" class="com.cl9p.services.VirtualMachineManagementServiceImpl" />
    <bean id="command" class="com.cl9p.model.Command" />
    <bean id="commandService" class="com.cl9p.services.CommandServiceImpl" />

</beans>